{"C:\\Git\\goit-node\\app.js": {"path":"C:\\Git\\goit-node\\app.js","statementMap":{"0":{"start":{"line":1,"column":16},"end":{"line":1,"column":34}},"1":{"start":{"line":2,"column":15},"end":{"line":2,"column":32}},"2":{"start":{"line":3,"column":13},"end":{"line":3,"column":28}},"3":{"start":{"line":4,"column":15},"end":{"line":4,"column":32}},"4":{"start":{"line":5,"column":13},"end":{"line":5,"column":28}},"5":{"start":{"line":6,"column":18},"end":{"line":6,"column":47}},"6":{"start":{"line":7,"column":23},"end":{"line":7,"column":55}},"7":{"start":{"line":8,"column":20},"end":{"line":8,"column":49}},"8":{"start":{"line":9,"column":25},"end":{"line":9,"column":58}},"9":{"start":{"line":10,"column":32},"end":{"line":10,"column":67}},"10":{"start":{"line":11,"column":21},"end":{"line":11,"column":51}},"11":{"start":{"line":12,"column":0},"end":{"line":12,"column":26}},"12":{"start":{"line":14,"column":12},"end":{"line":14,"column":21}},"13":{"start":{"line":16,"column":19},"end":{"line":16,"column":46}},"14":{"start":{"line":17,"column":0},"end":{"line":17,"column":57}},"15":{"start":{"line":20,"column":22},"end":{"line":20,"column":72}},"16":{"start":{"line":22,"column":0},"end":{"line":22,"column":17}},"17":{"start":{"line":23,"column":0},"end":{"line":23,"column":59}},"18":{"start":{"line":24,"column":0},"end":{"line":24,"column":15}},"19":{"start":{"line":25,"column":0},"end":{"line":25,"column":43}},"20":{"start":{"line":27,"column":0},"end":{"line":38,"column":1}},"21":{"start":{"line":33,"column":6},"end":{"line":35,"column":7}},"22":{"start":{"line":39,"column":0},"end":{"line":39,"column":25}},"23":{"start":{"line":40,"column":0},"end":{"line":40,"column":36}},"24":{"start":{"line":42,"column":0},"end":{"line":44,"column":2}},"25":{"start":{"line":43,"column":2},"end":{"line":43,"column":48}},"26":{"start":{"line":46,"column":0},"end":{"line":48,"column":2}},"27":{"start":{"line":47,"column":2},"end":{"line":47,"column":62}},"28":{"start":{"line":50,"column":0},"end":{"line":50,"column":20}}},"fnMap":{"0":{"name":"(anonymous_0)","decl":{"start":{"line":32,"column":13},"end":{"line":32,"column":14}},"loc":{"start":{"line":32,"column":33},"end":{"line":36,"column":5}},"line":32},"1":{"name":"(anonymous_1)","decl":{"start":{"line":42,"column":8},"end":{"line":42,"column":9}},"loc":{"start":{"line":42,"column":23},"end":{"line":44,"column":1}},"line":42},"2":{"name":"(anonymous_2)","decl":{"start":{"line":46,"column":8},"end":{"line":46,"column":9}},"loc":{"start":{"line":46,"column":35},"end":{"line":48,"column":1}},"line":46}},"branchMap":{"0":{"loc":{"start":{"line":20,"column":22},"end":{"line":20,"column":72}},"type":"cond-expr","locations":[{"start":{"line":20,"column":57},"end":{"line":20,"column":62}},{"start":{"line":20,"column":65},"end":{"line":20,"column":72}}],"line":20},"1":{"loc":{"start":{"line":23,"column":0},"end":{"line":23,"column":59}},"type":"binary-expr","locations":[{"start":{"line":23,"column":0},"end":{"line":23,"column":25}},{"start":{"line":23,"column":29},"end":{"line":23,"column":59}}],"line":23},"2":{"loc":{"start":{"line":47,"column":13},"end":{"line":47,"column":30}},"type":"binary-expr","locations":[{"start":{"line":47,"column":13},"end":{"line":47,"column":23}},{"start":{"line":47,"column":27},"end":{"line":47,"column":30}}],"line":47}},"s":{"0":2,"1":2,"2":2,"3":2,"4":2,"5":2,"6":2,"7":2,"8":2,"9":2,"10":2,"11":2,"12":2,"13":2,"14":2,"15":2,"16":2,"17":2,"18":2,"19":2,"20":2,"21":0,"22":2,"23":2,"24":2,"25":0,"26":2,"27":4,"28":2},"f":{"0":0,"1":0,"2":4},"b":{"0":[0,2],"1":[2,0],"2":[4,0]},"_coverageSchema":"1a1c01bbd47fc00a2c39e90264f33305004495a9","hash":"cb85f9bb5fa2885ae5b4f99809f6c07990c8d7ae"}
,"C:\\Git\\goit-node\\config\\passport.js": {"path":"C:\\Git\\goit-node\\config\\passport.js","statementMap":{"0":{"start":{"line":1,"column":17},"end":{"line":1,"column":36}},"1":{"start":{"line":2,"column":33},"end":{"line":2,"column":56}},"2":{"start":{"line":3,"column":0},"end":{"line":3,"column":26}},"3":{"start":{"line":4,"column":19},"end":{"line":4,"column":45}},"4":{"start":{"line":5,"column":21},"end":{"line":5,"column":46}},"5":{"start":{"line":7,"column":15},"end":{"line":10,"column":1}},"6":{"start":{"line":12,"column":0},"end":{"line":27,"column":1}},"7":{"start":{"line":14,"column":4},"end":{"line":25,"column":5}},"8":{"start":{"line":15,"column":19},"end":{"line":15,"column":45}},"9":{"start":{"line":16,"column":6},"end":{"line":18,"column":7}},"10":{"start":{"line":17,"column":8},"end":{"line":17,"column":48}},"11":{"start":{"line":19,"column":6},"end":{"line":21,"column":7}},"12":{"start":{"line":20,"column":8},"end":{"line":20,"column":32}},"13":{"start":{"line":22,"column":6},"end":{"line":22,"column":29}},"14":{"start":{"line":24,"column":6},"end":{"line":24,"column":15}}},"fnMap":{"0":{"name":"(anonymous_0)","decl":{"start":{"line":13,"column":23},"end":{"line":13,"column":24}},"loc":{"start":{"line":13,"column":48},"end":{"line":26,"column":3}},"line":13}},"branchMap":{"0":{"loc":{"start":{"line":16,"column":6},"end":{"line":18,"column":7}},"type":"if","locations":[{"start":{"line":16,"column":6},"end":{"line":18,"column":7}},{"start":{"line":16,"column":6},"end":{"line":18,"column":7}}],"line":16},"1":{"loc":{"start":{"line":19,"column":6},"end":{"line":21,"column":7}},"type":"if","locations":[{"start":{"line":19,"column":6},"end":{"line":21,"column":7}},{"start":{"line":19,"column":6},"end":{"line":21,"column":7}}],"line":19}},"s":{"0":2,"1":2,"2":2,"3":2,"4":2,"5":2,"6":2,"7":15,"8":15,"9":15,"10":0,"11":15,"12":0,"13":15,"14":0},"f":{"0":15},"b":{"0":[0,15],"1":[0,15]},"_coverageSchema":"1a1c01bbd47fc00a2c39e90264f33305004495a9","hash":"206677a0e8d6f8393d15f001a6e55d739733a2a2"}
,"C:\\Git\\goit-node\\controllers\\contacts.js": {"path":"C:\\Git\\goit-node\\controllers\\contacts.js","statementMap":{"0":{"start":{"line":7,"column":4},"end":{"line":7,"column":32}},"1":{"start":{"line":9,"column":15},"end":{"line":17,"column":1}},"2":{"start":{"line":10,"column":2},"end":{"line":16,"column":3}},"3":{"start":{"line":11,"column":19},"end":{"line":11,"column":30}},"4":{"start":{"line":12,"column":17},"end":{"line":12,"column":54}},"5":{"start":{"line":13,"column":4},"end":{"line":13,"column":59}},"6":{"start":{"line":15,"column":4},"end":{"line":15,"column":11}},"7":{"start":{"line":19,"column":23},"end":{"line":33,"column":1}},"8":{"start":{"line":20,"column":2},"end":{"line":32,"column":3}},"9":{"start":{"line":21,"column":19},"end":{"line":21,"column":30}},"10":{"start":{"line":22,"column":20},"end":{"line":22,"column":56}},"11":{"start":{"line":23,"column":4},"end":{"line":29,"column":5}},"12":{"start":{"line":24,"column":6},"end":{"line":24,"column":74}},"13":{"start":{"line":26,"column":6},"end":{"line":28,"column":67}},"14":{"start":{"line":31,"column":4},"end":{"line":31,"column":11}},"15":{"start":{"line":35,"column":15},"end":{"line":45,"column":1}},"16":{"start":{"line":36,"column":2},"end":{"line":44,"column":3}},"17":{"start":{"line":37,"column":19},"end":{"line":37,"column":30}},"18":{"start":{"line":38,"column":20},"end":{"line":38,"column":68}},"19":{"start":{"line":39,"column":4},"end":{"line":41,"column":64}},"20":{"start":{"line":43,"column":4},"end":{"line":43,"column":11}},"21":{"start":{"line":47,"column":15},"end":{"line":65,"column":1}},"22":{"start":{"line":48,"column":2},"end":{"line":64,"column":3}},"23":{"start":{"line":49,"column":19},"end":{"line":49,"column":30}},"24":{"start":{"line":50,"column":20},"end":{"line":50,"column":62}},"25":{"start":{"line":51,"column":4},"end":{"line":61,"column":5}},"26":{"start":{"line":52,"column":6},"end":{"line":56,"column":8}},"27":{"start":{"line":58,"column":6},"end":{"line":60,"column":67}},"28":{"start":{"line":63,"column":4},"end":{"line":63,"column":11}},"29":{"start":{"line":67,"column":15},"end":{"line":81,"column":1}},"30":{"start":{"line":68,"column":2},"end":{"line":80,"column":3}},"31":{"start":{"line":69,"column":19},"end":{"line":69,"column":30}},"32":{"start":{"line":70,"column":20},"end":{"line":70,"column":72}},"33":{"start":{"line":71,"column":4},"end":{"line":77,"column":5}},"34":{"start":{"line":72,"column":6},"end":{"line":72,"column":74}},"35":{"start":{"line":74,"column":6},"end":{"line":76,"column":67}},"36":{"start":{"line":79,"column":4},"end":{"line":79,"column":11}},"37":{"start":{"line":83,"column":0},"end":{"line":89,"column":1}}},"fnMap":{"0":{"name":"(anonymous_0)","decl":{"start":{"line":9,"column":15},"end":{"line":9,"column":16}},"loc":{"start":{"line":9,"column":41},"end":{"line":17,"column":1}},"line":9},"1":{"name":"(anonymous_1)","decl":{"start":{"line":19,"column":23},"end":{"line":19,"column":24}},"loc":{"start":{"line":19,"column":49},"end":{"line":33,"column":1}},"line":19},"2":{"name":"(anonymous_2)","decl":{"start":{"line":35,"column":15},"end":{"line":35,"column":16}},"loc":{"start":{"line":35,"column":41},"end":{"line":45,"column":1}},"line":35},"3":{"name":"(anonymous_3)","decl":{"start":{"line":47,"column":15},"end":{"line":47,"column":16}},"loc":{"start":{"line":47,"column":41},"end":{"line":65,"column":1}},"line":47},"4":{"name":"(anonymous_4)","decl":{"start":{"line":67,"column":15},"end":{"line":67,"column":16}},"loc":{"start":{"line":67,"column":41},"end":{"line":81,"column":1}},"line":67}},"branchMap":{"0":{"loc":{"start":{"line":23,"column":4},"end":{"line":29,"column":5}},"type":"if","locations":[{"start":{"line":23,"column":4},"end":{"line":29,"column":5}},{"start":{"line":23,"column":4},"end":{"line":29,"column":5}}],"line":23},"1":{"loc":{"start":{"line":51,"column":4},"end":{"line":61,"column":5}},"type":"if","locations":[{"start":{"line":51,"column":4},"end":{"line":61,"column":5}},{"start":{"line":51,"column":4},"end":{"line":61,"column":5}}],"line":51},"2":{"loc":{"start":{"line":71,"column":4},"end":{"line":77,"column":5}},"type":"if","locations":[{"start":{"line":71,"column":4},"end":{"line":77,"column":5}},{"start":{"line":71,"column":4},"end":{"line":77,"column":5}}],"line":71}},"s":{"0":2,"1":2,"2":1,"3":1,"4":1,"5":1,"6":0,"7":2,"8":2,"9":2,"10":2,"11":2,"12":1,"13":1,"14":0,"15":2,"16":1,"17":1,"18":1,"19":1,"20":0,"21":2,"22":2,"23":2,"24":2,"25":2,"26":1,"27":1,"28":0,"29":2,"30":2,"31":2,"32":2,"33":2,"34":1,"35":1,"36":0,"37":2},"f":{"0":1,"1":2,"2":1,"3":2,"4":2},"b":{"0":[1,1],"1":[1,1],"2":[1,1]},"_coverageSchema":"1a1c01bbd47fc00a2c39e90264f33305004495a9","hash":"421de273627800a458047721e69064c9ff9acf36"}
,"C:\\Git\\goit-node\\controllers\\users.js": {"path":"C:\\Git\\goit-node\\controllers\\users.js","statementMap":{"0":{"start":{"line":1,"column":12},"end":{"line":1,"column":35}},"1":{"start":{"line":2,"column":11},"end":{"line":2,"column":33}},"2":{"start":{"line":3,"column":13},"end":{"line":3,"column":28}},"3":{"start":{"line":4,"column":13},"end":{"line":4,"column":28}},"4":{"start":{"line":5,"column":22},"end":{"line":5,"column":37}},"5":{"start":{"line":6,"column":19},"end":{"line":6,"column":43}},"6":{"start":{"line":7,"column":0},"end":{"line":7,"column":26}},"7":{"start":{"line":15,"column":4},"end":{"line":15,"column":29}},"8":{"start":{"line":16,"column":31},"end":{"line":16,"column":63}},"9":{"start":{"line":17,"column":21},"end":{"line":17,"column":52}},"10":{"start":{"line":18,"column":19},"end":{"line":18,"column":45}},"11":{"start":{"line":20,"column":0},"end":{"line":24,"column":2}},"12":{"start":{"line":26,"column":20},"end":{"line":26,"column":57}},"13":{"start":{"line":28,"column":12},"end":{"line":53,"column":1}},"14":{"start":{"line":29,"column":2},"end":{"line":52,"column":3}},"15":{"start":{"line":30,"column":22},"end":{"line":30,"column":30}},"16":{"start":{"line":31,"column":17},"end":{"line":31,"column":41}},"17":{"start":{"line":32,"column":4},"end":{"line":39,"column":5}},"18":{"start":{"line":33,"column":6},"end":{"line":38,"column":8}},"19":{"start":{"line":40,"column":20},"end":{"line":40,"column":42}},"20":{"start":{"line":41,"column":4},"end":{"line":49,"column":6}},"21":{"start":{"line":51,"column":4},"end":{"line":51,"column":11}},"22":{"start":{"line":55,"column":14},"end":{"line":87,"column":1}},"23":{"start":{"line":56,"column":2},"end":{"line":86,"column":3}},"24":{"start":{"line":57,"column":32},"end":{"line":57,"column":40}},"25":{"start":{"line":58,"column":17},"end":{"line":58,"column":41}},"26":{"start":{"line":59,"column":28},"end":{"line":59,"column":63}},"27":{"start":{"line":60,"column":4},"end":{"line":67,"column":5}},"28":{"start":{"line":61,"column":6},"end":{"line":66,"column":8}},"29":{"start":{"line":68,"column":15},"end":{"line":68,"column":23}},"30":{"start":{"line":69,"column":20},"end":{"line":69,"column":26}},"31":{"start":{"line":70,"column":18},"end":{"line":70,"column":68}},"32":{"start":{"line":71,"column":4},"end":{"line":71,"column":32}},"33":{"start":{"line":72,"column":4},"end":{"line":83,"column":6}},"34":{"start":{"line":85,"column":4},"end":{"line":85,"column":11}},"35":{"start":{"line":89,"column":19},"end":{"line":107,"column":1}},"36":{"start":{"line":90,"column":2},"end":{"line":106,"column":3}},"37":{"start":{"line":91,"column":29},"end":{"line":91,"column":37}},"38":{"start":{"line":92,"column":19},"end":{"line":92,"column":27}},"39":{"start":{"line":93,"column":17},"end":{"line":93,"column":63}},"40":{"start":{"line":94,"column":4},"end":{"line":103,"column":6}},"41":{"start":{"line":105,"column":4},"end":{"line":105,"column":11}},"42":{"start":{"line":109,"column":19},"end":{"line":127,"column":1}},"43":{"start":{"line":110,"column":2},"end":{"line":126,"column":3}},"44":{"start":{"line":111,"column":18},"end":{"line":111,"column":57}},"45":{"start":{"line":112,"column":17},"end":{"line":112,"column":41}},"46":{"start":{"line":113,"column":4},"end":{"line":123,"column":6}},"47":{"start":{"line":125,"column":4},"end":{"line":125,"column":11}},"48":{"start":{"line":129,"column":16},"end":{"line":149,"column":1}},"49":{"start":{"line":130,"column":2},"end":{"line":148,"column":3}},"50":{"start":{"line":131,"column":15},"end":{"line":131,"column":26}},"51":{"start":{"line":136,"column":8},"end":{"line":136,"column":36}},"52":{"start":{"line":138,"column":4},"end":{"line":138,"column":52}},"53":{"start":{"line":139,"column":4},"end":{"line":145,"column":6}},"54":{"start":{"line":147,"column":4},"end":{"line":147,"column":11}},"55":{"start":{"line":151,"column":15},"end":{"line":159,"column":1}},"56":{"start":{"line":152,"column":2},"end":{"line":158,"column":3}},"57":{"start":{"line":153,"column":15},"end":{"line":153,"column":26}},"58":{"start":{"line":154,"column":4},"end":{"line":154,"column":31}},"59":{"start":{"line":155,"column":4},"end":{"line":155,"column":51}},"60":{"start":{"line":157,"column":4},"end":{"line":157,"column":11}},"61":{"start":{"line":161,"column":27},"end":{"line":183,"column":1}},"62":{"start":{"line":162,"column":13},"end":{"line":162,"column":24}},"63":{"start":{"line":163,"column":18},"end":{"line":166,"column":3}},"64":{"start":{"line":167,"column":19},"end":{"line":167,"column":32}},"65":{"start":{"line":168,"column":24},"end":{"line":168,"column":64}},"66":{"start":{"line":169,"column":14},"end":{"line":169,"column":39}},"67":{"start":{"line":170,"column":2},"end":{"line":173,"column":25}},"68":{"start":{"line":174,"column":2},"end":{"line":174,"column":54}},"69":{"start":{"line":175,"column":2},"end":{"line":175,"column":66}},"70":{"start":{"line":176,"column":20},"end":{"line":176,"column":64}},"71":{"start":{"line":177,"column":2},"end":{"line":181,"column":3}},"72":{"start":{"line":178,"column":4},"end":{"line":178,"column":39}},"73":{"start":{"line":180,"column":4},"end":{"line":180,"column":26}},"74":{"start":{"line":182,"column":2},"end":{"line":182,"column":80}},"75":{"start":{"line":185,"column":26},"end":{"line":200,"column":1}},"76":{"start":{"line":186,"column":19},"end":{"line":186,"column":32}},"77":{"start":{"line":187,"column":17},"end":{"line":190,"column":4}},"78":{"start":{"line":194,"column":2},"end":{"line":198,"column":3}},"79":{"start":{"line":195,"column":4},"end":{"line":195,"column":29}},"80":{"start":{"line":197,"column":4},"end":{"line":197,"column":26}},"81":{"start":{"line":199,"column":2},"end":{"line":199,"column":15}},"82":{"start":{"line":202,"column":0},"end":{"line":209,"column":1}}},"fnMap":{"0":{"name":"(anonymous_0)","decl":{"start":{"line":28,"column":12},"end":{"line":28,"column":13}},"loc":{"start":{"line":28,"column":38},"end":{"line":53,"column":1}},"line":28},"1":{"name":"(anonymous_1)","decl":{"start":{"line":55,"column":14},"end":{"line":55,"column":15}},"loc":{"start":{"line":55,"column":40},"end":{"line":87,"column":1}},"line":55},"2":{"name":"(anonymous_2)","decl":{"start":{"line":89,"column":19},"end":{"line":89,"column":20}},"loc":{"start":{"line":89,"column":45},"end":{"line":107,"column":1}},"line":89},"3":{"name":"(anonymous_3)","decl":{"start":{"line":109,"column":19},"end":{"line":109,"column":20}},"loc":{"start":{"line":109,"column":45},"end":{"line":127,"column":1}},"line":109},"4":{"name":"(anonymous_4)","decl":{"start":{"line":129,"column":16},"end":{"line":129,"column":17}},"loc":{"start":{"line":129,"column":42},"end":{"line":149,"column":1}},"line":129},"5":{"name":"(anonymous_5)","decl":{"start":{"line":151,"column":15},"end":{"line":151,"column":16}},"loc":{"start":{"line":151,"column":41},"end":{"line":159,"column":1}},"line":151},"6":{"name":"(anonymous_6)","decl":{"start":{"line":161,"column":27},"end":{"line":161,"column":28}},"loc":{"start":{"line":161,"column":42},"end":{"line":183,"column":1}},"line":161},"7":{"name":"(anonymous_7)","decl":{"start":{"line":185,"column":26},"end":{"line":185,"column":27}},"loc":{"start":{"line":185,"column":41},"end":{"line":200,"column":1}},"line":185}},"branchMap":{"0":{"loc":{"start":{"line":32,"column":4},"end":{"line":39,"column":5}},"type":"if","locations":[{"start":{"line":32,"column":4},"end":{"line":39,"column":5}},{"start":{"line":32,"column":4},"end":{"line":39,"column":5}}],"line":32},"1":{"loc":{"start":{"line":60,"column":4},"end":{"line":67,"column":5}},"type":"if","locations":[{"start":{"line":60,"column":4},"end":{"line":67,"column":5}},{"start":{"line":60,"column":4},"end":{"line":67,"column":5}}],"line":60},"2":{"loc":{"start":{"line":60,"column":8},"end":{"line":60,"column":33}},"type":"binary-expr","locations":[{"start":{"line":60,"column":8},"end":{"line":60,"column":13}},{"start":{"line":60,"column":17},"end":{"line":60,"column":33}}],"line":60}},"s":{"0":2,"1":2,"2":2,"3":2,"4":2,"5":2,"6":2,"7":2,"8":2,"9":2,"10":2,"11":2,"12":2,"13":2,"14":2,"15":2,"16":2,"17":2,"18":1,"19":1,"20":1,"21":0,"22":2,"23":2,"24":2,"25":2,"26":2,"27":2,"28":1,"29":1,"30":1,"31":1,"32":1,"33":1,"34":0,"35":2,"36":0,"37":0,"38":0,"39":0,"40":0,"41":0,"42":2,"43":1,"44":1,"45":1,"46":1,"47":0,"48":2,"49":1,"50":1,"51":1,"52":1,"53":1,"54":0,"55":2,"56":1,"57":1,"58":1,"59":1,"60":0,"61":2,"62":0,"63":0,"64":0,"65":0,"66":0,"67":0,"68":0,"69":0,"70":0,"71":0,"72":0,"73":0,"74":0,"75":2,"76":1,"77":1,"78":1,"79":1,"80":0,"81":1,"82":2},"f":{"0":2,"1":2,"2":0,"3":1,"4":1,"5":1,"6":0,"7":1},"b":{"0":[1,1],"1":[1,1],"2":[2,1]},"_coverageSchema":"1a1c01bbd47fc00a2c39e90264f33305004495a9","hash":"765a128dce5732dec04e30a84b31d784da2b4838"}
,"C:\\Git\\goit-node\\helpers\\constants.js": {"path":"C:\\Git\\goit-node\\helpers\\constants.js","statementMap":{"0":{"start":{"line":1,"column":21},"end":{"line":5,"column":1}},"1":{"start":{"line":7,"column":17},"end":{"line":17,"column":1}},"2":{"start":{"line":19,"column":0},"end":{"line":22,"column":1}}},"fnMap":{},"branchMap":{},"s":{"0":3,"1":3,"2":3},"f":{},"b":{},"_coverageSchema":"1a1c01bbd47fc00a2c39e90264f33305004495a9","hash":"0c67766cca3cefe36186af820be5fede0734e0fc"}
,"C:\\Git\\goit-node\\helpers\\create-dir.js": {"path":"C:\\Git\\goit-node\\helpers\\create-dir.js","statementMap":{"0":{"start":{"line":1,"column":11},"end":{"line":1,"column":33}},"1":{"start":{"line":3,"column":21},"end":{"line":8,"column":1}},"2":{"start":{"line":4,"column":2},"end":{"line":7,"column":23}},"3":{"start":{"line":6,"column":16},"end":{"line":6,"column":20}},"4":{"start":{"line":7,"column":17},"end":{"line":7,"column":22}},"5":{"start":{"line":9,"column":31},"end":{"line":13,"column":1}},"6":{"start":{"line":10,"column":2},"end":{"line":12,"column":3}},"7":{"start":{"line":11,"column":4},"end":{"line":11,"column":47}},"8":{"start":{"line":15,"column":0},"end":{"line":15,"column":39}}},"fnMap":{"0":{"name":"(anonymous_0)","decl":{"start":{"line":3,"column":21},"end":{"line":3,"column":22}},"loc":{"start":{"line":3,"column":31},"end":{"line":8,"column":1}},"line":3},"1":{"name":"(anonymous_1)","decl":{"start":{"line":6,"column":10},"end":{"line":6,"column":11}},"loc":{"start":{"line":6,"column":16},"end":{"line":6,"column":20}},"line":6},"2":{"name":"(anonymous_2)","decl":{"start":{"line":7,"column":11},"end":{"line":7,"column":12}},"loc":{"start":{"line":7,"column":17},"end":{"line":7,"column":22}},"line":7},"3":{"name":"(anonymous_3)","decl":{"start":{"line":9,"column":31},"end":{"line":9,"column":32}},"loc":{"start":{"line":9,"column":49},"end":{"line":13,"column":1}},"line":9}},"branchMap":{"0":{"loc":{"start":{"line":10,"column":2},"end":{"line":12,"column":3}},"type":"if","locations":[{"start":{"line":10,"column":2},"end":{"line":12,"column":3}},{"start":{"line":10,"column":2},"end":{"line":12,"column":3}}],"line":10}},"s":{"0":3,"1":3,"2":2,"3":2,"4":0,"5":3,"6":2,"7":0,"8":3},"f":{"0":2,"1":2,"2":0,"3":2},"b":{"0":[0,2]},"_coverageSchema":"1a1c01bbd47fc00a2c39e90264f33305004495a9","hash":"f90dcd9c4169076e14ae60073f33abae17018df9"}
,"C:\\Git\\goit-node\\helpers\\errorHandler.js": {"path":"C:\\Git\\goit-node\\helpers\\errorHandler.js","statementMap":{"0":{"start":{"line":3,"column":4},"end":{"line":3,"column":11}},"1":{"start":{"line":4,"column":4},"end":{"line":4,"column":24}},"2":{"start":{"line":5,"column":4},"end":{"line":5,"column":26}},"3":{"start":{"line":6,"column":4},"end":{"line":6,"column":20}},"4":{"start":{"line":10,"column":0},"end":{"line":12,"column":1}}},"fnMap":{"0":{"name":"(anonymous_0)","decl":{"start":{"line":2,"column":2},"end":{"line":2,"column":3}},"loc":{"start":{"line":2,"column":44},"end":{"line":7,"column":3}},"line":2}},"branchMap":{"0":{"loc":{"start":{"line":2,"column":31},"end":{"line":2,"column":42}},"type":"default-arg","locations":[{"start":{"line":2,"column":38},"end":{"line":2,"column":42}}],"line":2}},"s":{"0":1,"1":1,"2":1,"3":1,"4":3},"f":{"0":1},"b":{"0":[1]},"_coverageSchema":"1a1c01bbd47fc00a2c39e90264f33305004495a9","hash":"ab26694166d8becb991e7d42ab0c12b74629c1bc"}
,"C:\\Git\\goit-node\\helpers\\guard.js": {"path":"C:\\Git\\goit-node\\helpers\\guard.js","statementMap":{"0":{"start":{"line":1,"column":17},"end":{"line":1,"column":36}},"1":{"start":{"line":2,"column":0},"end":{"line":2,"column":29}},"2":{"start":{"line":3,"column":21},"end":{"line":3,"column":43}},"3":{"start":{"line":5,"column":14},"end":{"line":26,"column":1}},"4":{"start":{"line":6,"column":2},"end":{"line":25,"column":20}},"5":{"start":{"line":7,"column":18},"end":{"line":7,"column":57}},"6":{"start":{"line":8,"column":4},"end":{"line":14,"column":5}},"7":{"start":{"line":9,"column":6},"end":{"line":13,"column":8}},"8":{"start":{"line":15,"column":4},"end":{"line":22,"column":5}},"9":{"start":{"line":16,"column":6},"end":{"line":21,"column":8}},"10":{"start":{"line":23,"column":4},"end":{"line":23,"column":19}},"11":{"start":{"line":24,"column":4},"end":{"line":24,"column":17}},"12":{"start":{"line":28,"column":0},"end":{"line":28,"column":22}}},"fnMap":{"0":{"name":"(anonymous_0)","decl":{"start":{"line":5,"column":14},"end":{"line":5,"column":15}},"loc":{"start":{"line":5,"column":34},"end":{"line":26,"column":1}},"line":5},"1":{"name":"(anonymous_1)","decl":{"start":{"line":6,"column":51},"end":{"line":6,"column":52}},"loc":{"start":{"line":6,"column":66},"end":{"line":25,"column":3}},"line":6}},"branchMap":{"0":{"loc":{"start":{"line":8,"column":4},"end":{"line":14,"column":5}},"type":"if","locations":[{"start":{"line":8,"column":4},"end":{"line":14,"column":5}},{"start":{"line":8,"column":4},"end":{"line":14,"column":5}}],"line":8},"1":{"loc":{"start":{"line":8,"column":8},"end":{"line":8,"column":45}},"type":"binary-expr","locations":[{"start":{"line":8,"column":8},"end":{"line":8,"column":36}},{"start":{"line":8,"column":40},"end":{"line":8,"column":45}}],"line":8},"2":{"loc":{"start":{"line":15,"column":4},"end":{"line":22,"column":5}},"type":"if","locations":[{"start":{"line":15,"column":4},"end":{"line":22,"column":5}},{"start":{"line":15,"column":4},"end":{"line":22,"column":5}}],"line":15},"3":{"loc":{"start":{"line":15,"column":8},"end":{"line":15,"column":44}},"type":"binary-expr","locations":[{"start":{"line":15,"column":8},"end":{"line":15,"column":13}},{"start":{"line":15,"column":17},"end":{"line":15,"column":20}},{"start":{"line":15,"column":24},"end":{"line":15,"column":44}}],"line":15}},"s":{"0":2,"1":2,"2":2,"3":2,"4":15,"5":15,"6":15,"7":0,"8":15,"9":0,"10":15,"11":15,"12":2},"f":{"0":15,"1":15},"b":{"0":[0,15],"1":[15,1],"2":[0,15],"3":[15,15,15]},"_coverageSchema":"1a1c01bbd47fc00a2c39e90264f33305004495a9","hash":"5999ecada709b2ad818f748e7dcabc3bcc19d1c2"}
,"C:\\Git\\goit-node\\helpers\\rate-limit.js": {"path":"C:\\Git\\goit-node\\helpers\\rate-limit.js","statementMap":{"0":{"start":{"line":1,"column":18},"end":{"line":1,"column":47}},"1":{"start":{"line":2,"column":21},"end":{"line":2,"column":43}},"2":{"start":{"line":4,"column":29},"end":{"line":14,"column":2}},"3":{"start":{"line":8,"column":4},"end":{"line":12,"column":6}},"4":{"start":{"line":16,"column":0},"end":{"line":16,"column":41}}},"fnMap":{"0":{"name":"(anonymous_0)","decl":{"start":{"line":7,"column":11},"end":{"line":7,"column":12}},"loc":{"start":{"line":7,"column":31},"end":{"line":13,"column":3}},"line":7}},"branchMap":{},"s":{"0":2,"1":2,"2":2,"3":0,"4":2},"f":{"0":0},"b":{},"_coverageSchema":"1a1c01bbd47fc00a2c39e90264f33305004495a9","hash":"ee99cddaa1aacd8778fdec0b4266ae61fd304653"}
,"C:\\Git\\goit-node\\helpers\\upload.js": {"path":"C:\\Git\\goit-node\\helpers\\upload.js","statementMap":{"0":{"start":{"line":1,"column":15},"end":{"line":1,"column":32}},"1":{"start":{"line":2,"column":13},"end":{"line":2,"column":28}},"2":{"start":{"line":3,"column":0},"end":{"line":3,"column":26}},"3":{"start":{"line":4,"column":19},"end":{"line":4,"column":72}},"4":{"start":{"line":6,"column":16},"end":{"line":13,"column":2}},"5":{"start":{"line":8,"column":4},"end":{"line":8,"column":24}},"6":{"start":{"line":11,"column":4},"end":{"line":11,"column":31}},"7":{"start":{"line":15,"column":15},"end":{"line":25,"column":2}},"8":{"start":{"line":19,"column":4},"end":{"line":22,"column":5}},"9":{"start":{"line":20,"column":6},"end":{"line":20,"column":20}},"10":{"start":{"line":21,"column":6},"end":{"line":21,"column":12}},"11":{"start":{"line":23,"column":4},"end":{"line":23,"column":19}},"12":{"start":{"line":27,"column":0},"end":{"line":27,"column":23}}},"fnMap":{"0":{"name":"(anonymous_0)","decl":{"start":{"line":7,"column":15},"end":{"line":7,"column":16}},"loc":{"start":{"line":7,"column":40},"end":{"line":9,"column":3}},"line":7},"1":{"name":"(anonymous_1)","decl":{"start":{"line":10,"column":12},"end":{"line":10,"column":13}},"loc":{"start":{"line":10,"column":37},"end":{"line":12,"column":3}},"line":10},"2":{"name":"(anonymous_2)","decl":{"start":{"line":18,"column":14},"end":{"line":18,"column":15}},"loc":{"start":{"line":18,"column":33},"end":{"line":24,"column":3}},"line":18}},"branchMap":{"0":{"loc":{"start":{"line":19,"column":4},"end":{"line":22,"column":5}},"type":"if","locations":[{"start":{"line":19,"column":4},"end":{"line":22,"column":5}},{"start":{"line":19,"column":4},"end":{"line":22,"column":5}}],"line":19}},"s":{"0":2,"1":2,"2":2,"3":2,"4":2,"5":1,"6":1,"7":2,"8":1,"9":1,"10":1,"11":0,"12":2},"f":{"0":1,"1":1,"2":1},"b":{"0":[1,0]},"_coverageSchema":"1a1c01bbd47fc00a2c39e90264f33305004495a9","hash":"a5489434da52453c2fbd7fd93c08a6928a93d891"}
,"C:\\Git\\goit-node\\routes\\api\\contacts\\index.js": {"path":"C:\\Git\\goit-node\\routes\\api\\contacts\\index.js","statementMap":{"0":{"start":{"line":1,"column":16},"end":{"line":1,"column":34}},"1":{"start":{"line":2,"column":15},"end":{"line":2,"column":31}},"2":{"start":{"line":3,"column":27},"end":{"line":3,"column":67}},"3":{"start":{"line":4,"column":17},"end":{"line":4,"column":40}},"4":{"start":{"line":5,"column":14},"end":{"line":5,"column":47}},"5":{"start":{"line":7,"column":0},"end":{"line":9,"column":67}},"6":{"start":{"line":11,"column":0},"end":{"line":14,"column":74}},"7":{"start":{"line":16,"column":0},"end":{"line":16,"column":23}}},"fnMap":{},"branchMap":{},"s":{"0":2,"1":2,"2":2,"3":2,"4":2,"5":2,"6":2,"7":2},"f":{},"b":{},"_coverageSchema":"1a1c01bbd47fc00a2c39e90264f33305004495a9","hash":"ee129f97883451638046c25dc21694cbf2ae6f60"}
,"C:\\Git\\goit-node\\routes\\api\\contacts\\validation.js": {"path":"C:\\Git\\goit-node\\routes\\api\\contacts\\validation.js","statementMap":{"0":{"start":{"line":1,"column":12},"end":{"line":1,"column":26}},"1":{"start":{"line":3,"column":25},"end":{"line":18,"column":2}},"2":{"start":{"line":20,"column":28},"end":{"line":35,"column":9}},"3":{"start":{"line":37,"column":17},"end":{"line":60,"column":1}},"4":{"start":{"line":38,"column":20},"end":{"line":38,"column":40}},"5":{"start":{"line":39,"column":2},"end":{"line":58,"column":3}},"6":{"start":{"line":40,"column":26},"end":{"line":40,"column":39}},"7":{"start":{"line":41,"column":4},"end":{"line":57,"column":5}},"8":{"start":{"line":42,"column":6},"end":{"line":46,"column":8}},"9":{"start":{"line":47,"column":11},"end":{"line":57,"column":5}},"10":{"start":{"line":48,"column":6},"end":{"line":51,"column":8}},"11":{"start":{"line":53,"column":6},"end":{"line":56,"column":8}},"12":{"start":{"line":59,"column":2},"end":{"line":59,"column":8}},"13":{"start":{"line":62,"column":0},"end":{"line":64,"column":1}},"14":{"start":{"line":63,"column":2},"end":{"line":63,"column":51}},"15":{"start":{"line":66,"column":0},"end":{"line":68,"column":1}},"16":{"start":{"line":67,"column":2},"end":{"line":67,"column":54}}},"fnMap":{"0":{"name":"(anonymous_0)","decl":{"start":{"line":37,"column":17},"end":{"line":37,"column":18}},"loc":{"start":{"line":37,"column":40},"end":{"line":60,"column":1}},"line":37},"1":{"name":"(anonymous_1)","decl":{"start":{"line":62,"column":28},"end":{"line":62,"column":29}},"loc":{"start":{"line":62,"column":48},"end":{"line":64,"column":1}},"line":62},"2":{"name":"(anonymous_2)","decl":{"start":{"line":66,"column":31},"end":{"line":66,"column":32}},"loc":{"start":{"line":66,"column":51},"end":{"line":68,"column":1}},"line":66}},"branchMap":{"0":{"loc":{"start":{"line":39,"column":2},"end":{"line":58,"column":3}},"type":"if","locations":[{"start":{"line":39,"column":2},"end":{"line":58,"column":3}},{"start":{"line":39,"column":2},"end":{"line":58,"column":3}}],"line":39},"1":{"loc":{"start":{"line":41,"column":4},"end":{"line":57,"column":5}},"type":"if","locations":[{"start":{"line":41,"column":4},"end":{"line":57,"column":5}},{"start":{"line":41,"column":4},"end":{"line":57,"column":5}}],"line":41},"2":{"loc":{"start":{"line":47,"column":11},"end":{"line":57,"column":5}},"type":"if","locations":[{"start":{"line":47,"column":11},"end":{"line":57,"column":5}},{"start":{"line":47,"column":11},"end":{"line":57,"column":5}}],"line":47}},"s":{"0":2,"1":2,"2":2,"3":2,"4":7,"5":7,"6":4,"7":4,"8":0,"9":4,"10":0,"11":4,"12":3,"13":2,"14":4,"15":2,"16":3},"f":{"0":7,"1":4,"2":3},"b":{"0":[4,3],"1":[0,4],"2":[0,4]},"_coverageSchema":"1a1c01bbd47fc00a2c39e90264f33305004495a9","hash":"86f3e16186d72bd0a3e79f365e64e41e166cf0da"}
,"C:\\Git\\goit-node\\routes\\api\\users\\index.js": {"path":"C:\\Git\\goit-node\\routes\\api\\users\\index.js","statementMap":{"0":{"start":{"line":1,"column":16},"end":{"line":1,"column":34}},"1":{"start":{"line":2,"column":15},"end":{"line":2,"column":31}},"2":{"start":{"line":3,"column":24},"end":{"line":3,"column":61}},"3":{"start":{"line":4,"column":14},"end":{"line":4,"column":47}},"4":{"start":{"line":5,"column":15},"end":{"line":5,"column":49}},"5":{"start":{"line":6,"column":33},"end":{"line":6,"column":71}},"6":{"start":{"line":7,"column":19},"end":{"line":7,"column":42}},"7":{"start":{"line":9,"column":0},"end":{"line":14,"column":1}},"8":{"start":{"line":15,"column":0},"end":{"line":15,"column":67}},"9":{"start":{"line":16,"column":0},"end":{"line":16,"column":58}},"10":{"start":{"line":17,"column":0},"end":{"line":17,"column":80}},"11":{"start":{"line":18,"column":0},"end":{"line":24,"column":1}},"12":{"start":{"line":25,"column":0},"end":{"line":30,"column":1}},"13":{"start":{"line":32,"column":0},"end":{"line":32,"column":23}}},"fnMap":{},"branchMap":{},"s":{"0":2,"1":2,"2":2,"3":2,"4":2,"5":2,"6":2,"7":2,"8":2,"9":2,"10":2,"11":2,"12":2,"13":2},"f":{},"b":{},"_coverageSchema":"1a1c01bbd47fc00a2c39e90264f33305004495a9","hash":"9379acbd4e40ea0f6a5313bc5afb2caf2b8dbe1f"}
,"C:\\Git\\goit-node\\routes\\api\\users\\validation.js": {"path":"C:\\Git\\goit-node\\routes\\api\\users\\validation.js","statementMap":{"0":{"start":{"line":1,"column":12},"end":{"line":1,"column":26}},"1":{"start":{"line":2,"column":25},"end":{"line":2,"column":65}},"2":{"start":{"line":3,"column":21},"end":{"line":3,"column":58}},"3":{"start":{"line":6,"column":23},"end":{"line":14,"column":2}},"4":{"start":{"line":16,"column":20},"end":{"line":27,"column":2}},"5":{"start":{"line":29,"column":25},"end":{"line":31,"column":9}},"6":{"start":{"line":33,"column":17},"end":{"line":43,"column":1}},"7":{"start":{"line":34,"column":20},"end":{"line":34,"column":40}},"8":{"start":{"line":35,"column":2},"end":{"line":41,"column":3}},"9":{"start":{"line":36,"column":26},"end":{"line":36,"column":39}},"10":{"start":{"line":37,"column":4},"end":{"line":40,"column":6}},"11":{"start":{"line":42,"column":2},"end":{"line":42,"column":8}},"12":{"start":{"line":45,"column":0},"end":{"line":47,"column":1}},"13":{"start":{"line":46,"column":2},"end":{"line":46,"column":49}},"14":{"start":{"line":49,"column":0},"end":{"line":51,"column":1}},"15":{"start":{"line":50,"column":2},"end":{"line":50,"column":46}},"16":{"start":{"line":53,"column":0},"end":{"line":55,"column":1}},"17":{"start":{"line":54,"column":2},"end":{"line":54,"column":51}},"18":{"start":{"line":57,"column":0},"end":{"line":67,"column":1}},"19":{"start":{"line":58,"column":2},"end":{"line":65,"column":3}},"20":{"start":{"line":59,"column":4},"end":{"line":64,"column":5}},"21":{"start":{"line":66,"column":2},"end":{"line":66,"column":8}}},"fnMap":{"0":{"name":"(anonymous_0)","decl":{"start":{"line":33,"column":17},"end":{"line":33,"column":18}},"loc":{"start":{"line":33,"column":40},"end":{"line":43,"column":1}},"line":33},"1":{"name":"(anonymous_1)","decl":{"start":{"line":45,"column":26},"end":{"line":45,"column":27}},"loc":{"start":{"line":45,"column":46},"end":{"line":47,"column":1}},"line":45},"2":{"name":"(anonymous_2)","decl":{"start":{"line":49,"column":23},"end":{"line":49,"column":24}},"loc":{"start":{"line":49,"column":43},"end":{"line":51,"column":1}},"line":49},"3":{"name":"(anonymous_3)","decl":{"start":{"line":53,"column":28},"end":{"line":53,"column":29}},"loc":{"start":{"line":53,"column":48},"end":{"line":55,"column":1}},"line":53},"4":{"name":"(anonymous_4)","decl":{"start":{"line":57,"column":30},"end":{"line":57,"column":31}},"loc":{"start":{"line":57,"column":50},"end":{"line":67,"column":1}},"line":57}},"branchMap":{"0":{"loc":{"start":{"line":35,"column":2},"end":{"line":41,"column":3}},"type":"if","locations":[{"start":{"line":35,"column":2},"end":{"line":41,"column":3}},{"start":{"line":35,"column":2},"end":{"line":41,"column":3}}],"line":35},"1":{"loc":{"start":{"line":58,"column":2},"end":{"line":65,"column":3}},"type":"if","locations":[{"start":{"line":58,"column":2},"end":{"line":65,"column":3}},{"start":{"line":58,"column":2},"end":{"line":65,"column":3}}],"line":58}},"s":{"0":2,"1":2,"2":2,"3":2,"4":2,"5":2,"6":2,"7":4,"8":4,"9":0,"10":0,"11":4,"12":2,"13":2,"14":2,"15":2,"16":2,"17":0,"18":2,"19":1,"20":0,"21":1},"f":{"0":4,"1":2,"2":2,"3":0,"4":1},"b":{"0":[0,4],"1":[0,1]},"_coverageSchema":"1a1c01bbd47fc00a2c39e90264f33305004495a9","hash":"96118d8f4673c6ed7db7946889426a47b98b73bc"}
}
