TN:
SF:app.js
FN:32,(anonymous_0)
FN:42,(anonymous_1)
FN:46,(anonymous_2)
FNF:3
FNH:1
FNDA:0,(anonymous_0)
FNDA:0,(anonymous_1)
FNDA:4,(anonymous_2)
DA:1,2
DA:2,2
DA:3,2
DA:4,2
DA:5,2
DA:6,2
DA:7,2
DA:8,2
DA:9,2
DA:10,2
DA:11,2
DA:12,2
DA:14,2
DA:16,2
DA:17,2
DA:20,2
DA:22,2
DA:23,2
DA:24,2
DA:25,2
DA:27,2
DA:33,0
DA:39,2
DA:40,2
DA:42,2
DA:43,0
DA:46,2
DA:47,4
DA:50,2
LF:29
LH:27
BRDA:20,0,0,0
BRDA:20,0,1,2
BRDA:23,1,0,2
BRDA:23,1,1,0
BRDA:47,2,0,4
BRDA:47,2,1,0
BRF:6
BRH:3
end_of_record
TN:
SF:config\passport.js
FN:13,(anonymous_0)
FNF:1
FNH:1
FNDA:15,(anonymous_0)
DA:1,2
DA:2,2
DA:3,2
DA:4,2
DA:5,2
DA:7,2
DA:12,2
DA:14,15
DA:15,15
DA:16,15
DA:17,0
DA:19,15
DA:20,0
DA:22,15
DA:24,0
LF:15
LH:12
BRDA:16,0,0,0
BRDA:16,0,1,15
BRDA:19,1,0,0
BRDA:19,1,1,15
BRF:4
BRH:2
end_of_record
TN:
SF:controllers\contacts.js
FN:9,(anonymous_0)
FN:19,(anonymous_1)
FN:35,(anonymous_2)
FN:47,(anonymous_3)
FN:67,(anonymous_4)
FNF:5
FNH:5
FNDA:1,(anonymous_0)
FNDA:2,(anonymous_1)
FNDA:1,(anonymous_2)
FNDA:2,(anonymous_3)
FNDA:2,(anonymous_4)
DA:7,2
DA:9,2
DA:10,1
DA:11,1
DA:12,1
DA:13,1
DA:15,0
DA:19,2
DA:20,2
DA:21,2
DA:22,2
DA:23,2
DA:24,1
DA:26,1
DA:31,0
DA:35,2
DA:36,1
DA:37,1
DA:38,1
DA:39,1
DA:43,0
DA:47,2
DA:48,2
DA:49,2
DA:50,2
DA:51,2
DA:52,1
DA:58,1
DA:63,0
DA:67,2
DA:68,2
DA:69,2
DA:70,2
DA:71,2
DA:72,1
DA:74,1
DA:79,0
DA:83,2
LF:38
LH:33
BRDA:23,0,0,1
BRDA:23,0,1,1
BRDA:51,1,0,1
BRDA:51,1,1,1
BRDA:71,2,0,1
BRDA:71,2,1,1
BRF:6
BRH:6
end_of_record
TN:
SF:controllers\users.js
FN:28,(anonymous_0)
FN:55,(anonymous_1)
FN:89,(anonymous_2)
FN:109,(anonymous_3)
FN:129,(anonymous_4)
FN:151,(anonymous_5)
FN:161,(anonymous_6)
FN:185,(anonymous_7)
FNF:8
FNH:6
FNDA:2,(anonymous_0)
FNDA:2,(anonymous_1)
FNDA:0,(anonymous_2)
FNDA:1,(anonymous_3)
FNDA:1,(anonymous_4)
FNDA:1,(anonymous_5)
FNDA:0,(anonymous_6)
FNDA:1,(anonymous_7)
DA:1,2
DA:2,2
DA:3,2
DA:4,2
DA:5,2
DA:6,2
DA:7,2
DA:15,2
DA:16,2
DA:17,2
DA:18,2
DA:20,2
DA:26,2
DA:28,2
DA:29,2
DA:30,2
DA:31,2
DA:32,2
DA:33,1
DA:40,1
DA:41,1
DA:51,0
DA:55,2
DA:56,2
DA:57,2
DA:58,2
DA:59,2
DA:60,2
DA:61,1
DA:68,1
DA:69,1
DA:70,1
DA:71,1
DA:72,1
DA:85,0
DA:89,2
DA:90,0
DA:91,0
DA:92,0
DA:93,0
DA:94,0
DA:105,0
DA:109,2
DA:110,1
DA:111,1
DA:112,1
DA:113,1
DA:125,0
DA:129,2
DA:130,1
DA:131,1
DA:136,1
DA:138,1
DA:139,1
DA:147,0
DA:151,2
DA:152,1
DA:153,1
DA:154,1
DA:155,1
DA:157,0
DA:161,2
DA:162,0
DA:163,0
DA:167,0
DA:168,0
DA:169,0
DA:170,0
DA:174,0
DA:175,0
DA:176,0
DA:177,0
DA:178,0
DA:180,0
DA:182,0
DA:185,2
DA:186,1
DA:187,1
DA:194,1
DA:195,1
DA:197,0
DA:199,1
DA:202,2
LF:83
LH:58
BRDA:32,0,0,1
BRDA:32,0,1,1
BRDA:60,1,0,1
BRDA:60,1,1,1
BRDA:60,2,0,2
BRDA:60,2,1,1
BRF:6
BRH:6
end_of_record
TN:
SF:helpers\constants.js
FNF:0
FNH:0
DA:1,3
DA:7,3
DA:19,3
LF:3
LH:3
BRF:0
BRH:0
end_of_record
TN:
SF:helpers\create-dir.js
FN:3,(anonymous_0)
FN:6,(anonymous_1)
FN:7,(anonymous_2)
FN:9,(anonymous_3)
FNF:4
FNH:3
FNDA:2,(anonymous_0)
FNDA:2,(anonymous_1)
FNDA:0,(anonymous_2)
FNDA:2,(anonymous_3)
DA:1,3
DA:3,3
DA:4,2
DA:6,2
DA:7,0
DA:9,3
DA:10,2
DA:11,0
DA:15,3
LF:9
LH:7
BRDA:10,0,0,0
BRDA:10,0,1,2
BRF:2
BRH:1
end_of_record
TN:
SF:helpers\errorHandler.js
FN:2,(anonymous_0)
FNF:1
FNH:1
FNDA:1,(anonymous_0)
DA:3,1
DA:4,1
DA:5,1
DA:6,1
DA:10,3
LF:5
LH:5
BRDA:2,0,0,1
BRF:1
BRH:1
end_of_record
TN:
SF:helpers\guard.js
FN:5,(anonymous_0)
FN:6,(anonymous_1)
FNF:2
FNH:2
FNDA:15,(anonymous_0)
FNDA:15,(anonymous_1)
DA:1,2
DA:2,2
DA:3,2
DA:5,2
DA:6,15
DA:7,15
DA:8,15
DA:9,0
DA:15,15
DA:16,0
DA:23,15
DA:24,15
DA:28,2
LF:13
LH:11
BRDA:8,0,0,0
BRDA:8,0,1,15
BRDA:8,1,0,15
BRDA:8,1,1,1
BRDA:15,2,0,0
BRDA:15,2,1,15
BRDA:15,3,0,15
BRDA:15,3,1,15
BRDA:15,3,2,15
BRF:9
BRH:7
end_of_record
TN:
SF:helpers\rate-limit.js
FN:7,(anonymous_0)
FNF:1
FNH:0
FNDA:0,(anonymous_0)
DA:1,2
DA:2,2
DA:4,2
DA:8,0
DA:16,2
LF:5
LH:4
BRF:0
BRH:0
end_of_record
TN:
SF:helpers\upload.js
FN:7,(anonymous_0)
FN:10,(anonymous_1)
FN:18,(anonymous_2)
FNF:3
FNH:3
FNDA:1,(anonymous_0)
FNDA:1,(anonymous_1)
FNDA:1,(anonymous_2)
DA:1,2
DA:2,2
DA:3,2
DA:4,2
DA:6,2
DA:8,1
DA:11,1
DA:15,2
DA:19,1
DA:20,1
DA:21,1
DA:23,0
DA:27,2
LF:13
LH:12
BRDA:19,0,0,1
BRDA:19,0,1,0
BRF:2
BRH:1
end_of_record
TN:
SF:routes\api\contacts\index.js
FNF:0
FNH:0
DA:1,2
DA:2,2
DA:3,2
DA:4,2
DA:5,2
DA:7,2
DA:11,2
DA:16,2
LF:8
LH:8
BRF:0
BRH:0
end_of_record
TN:
SF:routes\api\contacts\validation.js
FN:37,(anonymous_0)
FN:62,(anonymous_1)
FN:66,(anonymous_2)
FNF:3
FNH:3
FNDA:7,(anonymous_0)
FNDA:4,(anonymous_1)
FNDA:3,(anonymous_2)
DA:1,2
DA:3,2
DA:20,2
DA:37,2
DA:38,7
DA:39,7
DA:40,4
DA:41,4
DA:42,0
DA:47,4
DA:48,0
DA:53,4
DA:59,3
DA:62,2
DA:63,4
DA:66,2
DA:67,3
LF:17
LH:15
BRDA:39,0,0,4
BRDA:39,0,1,3
BRDA:41,1,0,0
BRDA:41,1,1,4
BRDA:47,2,0,0
BRDA:47,2,1,4
BRF:6
BRH:4
end_of_record
TN:
SF:routes\api\users\index.js
FNF:0
FNH:0
DA:1,2
DA:2,2
DA:3,2
DA:4,2
DA:5,2
DA:6,2
DA:7,2
DA:9,2
DA:15,2
DA:16,2
DA:17,2
DA:18,2
DA:25,2
DA:32,2
LF:14
LH:14
BRF:0
BRH:0
end_of_record
TN:
SF:routes\api\users\validation.js
FN:33,(anonymous_0)
FN:45,(anonymous_1)
FN:49,(anonymous_2)
FN:53,(anonymous_3)
FN:57,(anonymous_4)
FNF:5
FNH:4
FNDA:4,(anonymous_0)
FNDA:2,(anonymous_1)
FNDA:2,(anonymous_2)
FNDA:0,(anonymous_3)
FNDA:1,(anonymous_4)
DA:1,2
DA:2,2
DA:3,2
DA:6,2
DA:16,2
DA:29,2
DA:33,2
DA:34,4
DA:35,4
DA:36,0
DA:37,0
DA:42,4
DA:45,2
DA:46,2
DA:49,2
DA:50,2
DA:53,2
DA:54,0
DA:57,2
DA:58,1
DA:59,0
DA:66,1
LF:22
LH:18
BRDA:35,0,0,0
BRDA:35,0,1,4
BRDA:58,1,0,0
BRDA:58,1,1,1
BRF:4
BRH:2
end_of_record
